Start testing: May 19 22:07 MSK
----------------------------------------------------------
1/1 Testing: matrix_test
1/1 Test: matrix_test
Command: "/mnt/c/Users/~Darr_Kness~/programming/ClassWork/inverse_matrix/build/test_matrix"
Directory: /mnt/c/Users/~Darr_Kness~/programming/ClassWork/inverse_matrix/build
"matrix_test" start time: May 19 22:07 MSK
Output:
----------------------------------------------------------
test_matrix_creation passed
test_matrix_inversion passed
test_non_invertible_matrix passed
<end of output>
Test time =   0.00 sec
----------------------------------------------------------
Test Passed.
"matrix_test" end time: May 19 22:07 MSK
"matrix_test" time elapsed: 00:00:00
----------------------------------------------------------

End testing: May 19 22:07 MSK
